0 info it worked if it ends with ok
1 verbose cli [ '/usr/bin/node', '/usr/bin/npm', 'run', 'srv-dev' ]
2 info using npm@3.5.2
3 info using node@v8.10.0
4 verbose run-script [ 'presrv-dev', 'srv-dev', 'postsrv-dev' ]
5 info lifecycle red_tetrisboilerplate@0.0.1~presrv-dev: red_tetrisboilerplate@0.0.1
6 silly lifecycle red_tetrisboilerplate@0.0.1~presrv-dev: no script for presrv-dev, continuing
7 info lifecycle red_tetrisboilerplate@0.0.1~srv-dev: red_tetrisboilerplate@0.0.1
8 verbose lifecycle red_tetrisboilerplate@0.0.1~srv-dev: unsafe-perm in lifecycle true
9 verbose lifecycle red_tetrisboilerplate@0.0.1~srv-dev: PATH: /usr/share/npm/bin/node-gyp-bin:/home/bgres/Documents/unit/red_tetris_boilerplate/node_modules/.bin:/usr/local/sbin:/usr/local/bin:/usr/sbin:/usr/bin:/sbin:/bin:/usr/games:/usr/local/games:/snap/bin
10 verbose lifecycle red_tetrisboilerplate@0.0.1~srv-dev: CWD: /home/bgres/Documents/unit/red_tetris_boilerplate
11 silly lifecycle red_tetrisboilerplate@0.0.1~srv-dev: Args: [ '-c', 'DEBUG=tetris:* babel-watch -w src src/server/main.js' ]
12 silly lifecycle red_tetrisboilerplate@0.0.1~srv-dev: Returned: code: 1  signal: null
13 info lifecycle red_tetrisboilerplate@0.0.1~srv-dev: Failed to exec srv-dev script
14 verbose stack Error: red_tetrisboilerplate@0.0.1 srv-dev: `DEBUG=tetris:* babel-watch -w src src/server/main.js`
14 verbose stack Exit status 1
14 verbose stack     at EventEmitter.<anonymous> (/usr/share/npm/lib/utils/lifecycle.js:232:16)
14 verbose stack     at emitTwo (events.js:126:13)
14 verbose stack     at EventEmitter.emit (events.js:214:7)
14 verbose stack     at ChildProcess.<anonymous> (/usr/share/npm/lib/utils/spawn.js:24:14)
14 verbose stack     at emitTwo (events.js:126:13)
14 verbose stack     at ChildProcess.emit (events.js:214:7)
14 verbose stack     at maybeClose (internal/child_process.js:925:16)
14 verbose stack     at Process.ChildProcess._handle.onexit (internal/child_process.js:209:5)
15 verbose pkgid red_tetrisboilerplate@0.0.1
16 verbose cwd /home/bgres/Documents/unit/red_tetris_boilerplate
17 error Linux 4.18.0-17-generic
18 error argv "/usr/bin/node" "/usr/bin/npm" "run" "srv-dev"
19 error node v8.10.0
20 error npm  v3.5.2
21 error code ELIFECYCLE
22 error red_tetrisboilerplate@0.0.1 srv-dev: `DEBUG=tetris:* babel-watch -w src src/server/main.js`
22 error Exit status 1
23 error Failed at the red_tetrisboilerplate@0.0.1 srv-dev script 'DEBUG=tetris:* babel-watch -w src src/server/main.js'.
23 error Make sure you have the latest version of node.js and npm installed.
23 error If you do, this is most likely a problem with the red_tetrisboilerplate package,
23 error not with npm itself.
23 error Tell the author that this fails on your system:
23 error     DEBUG=tetris:* babel-watch -w src src/server/main.js
23 error You can get information on how to open an issue for this project with:
23 error     npm bugs red_tetrisboilerplate
23 error Or if that isn't available, you can get their info via:
23 error     npm owner ls red_tetrisboilerplate
23 error There is likely additional logging output above.
24 verbose exit [ 1, true ]
